{
  "stats": {
    "suites": 1,
    "tests": 1,
    "passes": 1,
    "pending": 0,
    "failures": 0,
    "start": "2021-09-06T21:49:55.225Z",
    "end": "2021-09-06T21:50:12.115Z",
    "duration": 16890,
    "testsRegistered": 1,
    "passPercent": 100,
    "pendingPercent": 0,
    "other": 0,
    "hasOther": false,
    "skipped": 0,
    "hasSkipped": false
  },
  "results": [
    {
      "uuid": "6a01ea6a-9a14-4f32-8480-98d355c34639",
      "title": "",
      "fullFile": "cypress/integration/purchase.spec.js",
      "file": "cypress/integration/purchase.spec.js",
      "beforeHooks": [],
      "afterHooks": [],
      "tests": [],
      "suites": [
        {
          "uuid": "ce4d19e8-9bd6-499d-8e10-03a750ccfde8",
          "title": "Purchase",
          "fullFile": "",
          "file": "",
          "beforeHooks": [],
          "afterHooks": [],
          "tests": [
            {
              "title": "should purchase a product",
              "fullTitle": "Purchase should purchase a product",
              "timedOut": null,
              "duration": 16832,
              "state": "passed",
              "speed": "slow",
              "pass": true,
              "fail": false,
              "pending": false,
              "context": null,
              "code": "cy.backgroundLogin();\ncy.visit('/');\nvar productName = 'Faded Short Sleeve T-shirts';\ncy.contains(productName).trigger('mouseover');\ncy.contains(productName).parent().siblings('div.button-container').children('a').first().click();\ncy.get('.icon-ok').parent().should('contain.text', 'Product successfully added to your shopping cart');\ncy.get('span#layer_cart_product_title').should('contain.text', productName);\ncy.get('.button-container a[href$=\"controller=order\"]').click();\ncy.get('.cart_navigation a[href$=\"order&step=1\"]').click(); // cy.get('#email').type('semana-agilizei@mail.com');\n// cy.get('#passwd').type('12345');\n// cy.get('button#SubmitLogin').click();\ncy.get('[type=checkbox]#addressesAreEquals').should('have.attr', 'checked', 'checked');\ncy.get('[type=checkbox]#addressesAreEquals').should('have.attr', 'name', 'same');\ncy.get('button[name=processAddress]').click();\ncy.get('[type=checkbox]#cgv').check();\ncy.get('button[name=processCarrier]').click();\ncy.get('.bankwire').click();\ncy.get('.cart_navigation button[type=submit]').find('span').contains('I confirm my order').click();\ncy.get('.cheque-indent strong').should('contain.text', 'Your order on My Store is complete.');\ncy.get('div.box').invoke('text').then(function (text) {\n  cy.writeFile('cypress/fixtures/order.json', {\n    id: \"\".concat(text.match(/[A-Z][A-Z]+/g)[1])\n  });\n});\ncy.get('.cart_navigation a[href$=\"history\"]').click();\ncy.readFile('cypress/fixtures/order.json').then(function (order) {\n  cy.get('tr.first_item td.history_link a').should('contain.text', order.id);\n});",
              "err": {},
              "uuid": "6114209a-1fb9-48f3-9cc5-e19f76f9525f",
              "parentUUID": "ce4d19e8-9bd6-499d-8e10-03a750ccfde8",
              "isHook": false,
              "skipped": false
            }
          ],
          "suites": [],
          "passes": [
            "6114209a-1fb9-48f3-9cc5-e19f76f9525f"
          ],
          "failures": [],
          "pending": [],
          "skipped": [],
          "duration": 16832,
          "root": false,
          "rootEmpty": false,
          "_timeout": 2000
        }
      ],
      "passes": [],
      "failures": [],
      "pending": [],
      "skipped": [],
      "duration": 0,
      "root": true,
      "rootEmpty": true,
      "_timeout": 2000
    }
  ],
  "meta": {
    "mocha": {
      "version": "7.0.1"
    },
    "mochawesome": {
      "options": {
        "quiet": true,
        "reportFilename": "mochawesome",
        "saveHtml": false,
        "saveJson": true,
        "consoleReporter": "spec",
        "useInlineDiffs": false,
        "code": true
      },
      "version": "6.2.2"
    },
    "marge": {
      "options": {
        "id": "default",
        "reportDir": "mochawesome-report",
        "quiet": true,
        "overwrite": false,
        "html": false,
        "json": true
      },
      "version": "5.2.0"
    }
  }
}